SF:lib/src/model/api_comic.dart
DA:7,1
DA:30,1
DA:31,1
DA:57,1
DA:63,1
DA:64,1
DA:73,1
DA:78,2
DA:86,1
DA:91,1
DA:92,1
DA:100,1
DA:105,1
DA:106,1
LF:14
LH:14
end_of_record
SF:lib/src/model/api_comic.g.dart
DA:9,1
DA:10,1
DA:11,1
DA:12,1
DA:13,1
DA:14,2
DA:15,1
DA:16,1
DA:17,1
DA:18,1
DA:19,1
DA:20,1
DA:21,1
DA:22,1
DA:23,1
DA:24,1
DA:25,1
DA:26,3
DA:27,1
DA:28,1
DA:29,1
DA:30,3
DA:31,1
DA:32,1
DA:33,3
DA:34,1
DA:35,1
DA:37,2
DA:38,1
DA:39,3
DA:40,1
DA:44,0
DA:45,0
DA:46,0
DA:47,0
DA:48,0
DA:49,0
DA:50,0
DA:51,0
DA:52,0
DA:53,0
DA:54,0
DA:55,0
DA:56,0
DA:57,0
DA:58,0
DA:59,0
DA:60,0
DA:61,0
DA:62,0
DA:63,0
DA:64,0
DA:67,1
DA:68,1
DA:69,1
DA:70,1
DA:71,1
DA:75,0
DA:76,0
DA:77,0
DA:78,0
DA:79,0
DA:82,1
DA:83,1
DA:84,1
DA:85,1
DA:89,0
DA:90,0
DA:91,0
DA:94,1
DA:95,1
DA:96,1
DA:97,2
DA:101,0
DA:102,0
DA:103,0
DA:106,1
DA:107,1
DA:108,1
DA:109,1
DA:113,0
DA:114,0
DA:115,0
LF:83
LH:48
end_of_record
SF:lib/src/model/api_result.dart
DA:7,4
DA:17,2
DA:21,2
DA:23,0
DA:24,0
DA:51,2
DA:59,2
DA:63,2
DA:65,0
DA:66,0
DA:86,2
DA:91,2
DA:92,2
LF:13
LH:9
end_of_record
SF:lib/src/model/api_result.g.dart
DA:9,2
DA:13,2
DA:14,2
DA:15,2
DA:16,2
DA:17,2
DA:18,2
DA:19,2
DA:21,2
DA:22,6
DA:23,2
DA:27,0
DA:31,0
DA:32,0
DA:33,0
DA:34,0
DA:35,0
DA:36,0
DA:37,0
DA:38,0
DA:40,0
DA:43,2
DA:47,2
DA:48,2
DA:49,2
DA:50,2
DA:51,2
DA:52,6
DA:56,0
DA:60,0
DA:61,0
DA:62,0
DA:63,0
DA:64,0
DA:65,0
DA:68,2
DA:69,2
DA:70,2
DA:71,2
DA:75,0
DA:76,0
DA:77,0
DA:78,0
LF:43
LH:22
end_of_record
SF:lib/src/repository/comics_data_repository.dart
DA:10,1
DA:13,1
DA:17,3
DA:18,1
DA:19,2
DA:20,3
LF:6
LH:6
end_of_record
SF:lib/src/service/comic_api_client.dart
DA:18,1
DA:23,1
DA:25,1
DA:26,3
DA:29,1
DA:31,2
DA:32,4
DA:33,1
DA:35,3
DA:36,1
DA:39,1
DA:41,1
DA:43,1
DA:45,1
DA:46,1
DA:48,2
DA:50,1
DA:52,0
DA:53,0
DA:54,0
DA:55,0
DA:56,0
DA:57,0
DA:61,1
DA:62,3
DA:63,1
DA:64,1
DA:65,2
DA:66,1
LF:29
LH:23
end_of_record
SF:lib/src/mapper/data2domain_mapper.dart
DA:8,1
DA:9,1
DA:10,1
DA:11,1
DA:12,1
DA:13,1
DA:14,1
DA:15,2
DA:16,1
DA:20,1
DA:21,1
DA:22,1
DA:23,1
DA:24,1
DA:25,1
DA:26,1
DA:27,2
DA:28,1
DA:34,1
DA:35,1
DA:36,0
DA:37,0
DA:38,0
DA:39,0
DA:41,0
DA:42,0
DA:43,0
DA:44,1
DA:48,1
DA:49,1
DA:50,0
DA:51,0
DA:52,0
DA:53,0
DA:55,0
DA:56,0
DA:57,0
DA:58,1
DA:64,0
DA:65,0
DA:66,0
DA:67,0
DA:75,0
DA:76,0
DA:77,0
DA:78,0
DA:83,0
DA:84,0
DA:85,0
DA:86,0
DA:87,0
DA:88,0
DA:89,0
DA:90,0
DA:91,0
DA:97,0
DA:98,0
DA:103,0
DA:104,0
DA:105,0
DA:106,0
DA:114,0
DA:115,0
DA:116,0
DA:117,0
DA:122,0
DA:123,0
DA:124,0
DA:125,0
DA:126,0
DA:127,0
DA:128,0
DA:129,0
DA:130,0
DA:131,0
DA:132,0
DA:133,0
DA:134,0
DA:135,0
DA:136,0
DA:137,0
DA:138,0
DA:139,0
DA:140,0
DA:141,0
DA:142,0
DA:143,0
DA:149,0
DA:150,0
DA:151,0
DA:152,0
DA:157,0
DA:158,0
DA:159,0
DA:160,0
DA:161,0
DA:167,0
DA:168,0
DA:169,0
DA:170,0
DA:175,0
DA:176,0
DA:177,0
DA:178,0
DA:184,0
DA:185,0
DA:186,0
DA:187,0
DA:192,0
DA:193,0
DA:194,0
DA:195,0
DA:201,0
DA:202,0
DA:203,0
DA:204,0
DA:209,0
DA:210,0
DA:211,0
DA:212,0
LF:120
LH:24
end_of_record
SF:lib/src/model/api_character.dart
DA:8,1
DA:18,1
DA:19,1
DA:32,1
DA:37,1
DA:38,1
LF:6
LH:6
end_of_record
SF:lib/src/model/api_character.g.dart
DA:9,1
DA:10,1
DA:11,1
DA:12,1
DA:13,1
DA:14,1
DA:15,1
DA:16,1
DA:17,3
DA:18,1
DA:19,1
DA:21,2
DA:25,0
DA:26,0
DA:27,0
DA:28,0
DA:29,0
DA:30,0
DA:31,0
DA:32,0
DA:33,0
DA:36,1
DA:37,1
DA:38,1
DA:39,1
DA:43,0
DA:44,0
DA:45,0
DA:46,0
LF:29
LH:16
end_of_record
SF:lib/src/model/api_error.dart
DA:6,2
DA:11,2
DA:14,2
DA:16,0
LF:4
LH:3
end_of_record
SF:lib/src/model/api_error.g.dart
DA:9,2
DA:10,2
DA:11,2
DA:12,2
DA:16,0
DA:17,0
DA:18,0
LF:7
LH:4
end_of_record
SF:lib/src/repository/characters_data_repository.dart
DA:10,1
DA:13,1
DA:18,3
DA:19,1
DA:20,2
DA:21,3
LF:6
LH:6
end_of_record
SF:lib/src/service/character_api_client.dart
DA:18,1
DA:24,1
DA:26,1
DA:27,3
DA:30,1
DA:32,2
DA:33,4
DA:34,1
DA:37,3
DA:38,1
DA:41,1
DA:43,1
DA:45,1
DA:47,1
DA:48,1
DA:50,2
DA:52,1
DA:54,1
DA:55,1
DA:56,1
DA:57,1
DA:58,1
DA:59,1
DA:63,0
DA:64,0
LF:25
LH:23
end_of_record
SF:lib/src/datastore_manager.dart
DA:6,1
DA:11,1
DA:12,2
DA:15,1
DA:16,2
DA:17,1
DA:23,1
DA:24,2
DA:28,1
DA:29,2
DA:32,1
DA:33,2
DA:34,1
DA:40,1
DA:41,2
LF:15
LH:15
end_of_record
